<?xml version="1.0" encoding="UTF-8" ?>
<testsuite tests="1" failures="1" name="CucumberRunnerTest" time="5.258" errors="0" skipped="0">
  <properties>
[...]
</properties>
  <testcase classname="Website is deployed Properly" name="Website is deployed and loading" time="5.258">
    <failure message="expected:&lt;[Home]&gt; but was:&lt;[Application Error]&gt;" type="org.junit.ComparisonFailure">org.junit.ComparisonFailure: expected:&lt;[Home]&gt; but was:&lt;[Application Error]&gt;
	at org.junit.Assert.assertEquals(Assert.java:115)
	at org.junit.Assert.assertEquals(Assert.java:144)
	at Tester1.thenStatment(Tester1.java:37)
	at ✽.website returns content(file:src/test/java/demo1.feature:12)
</failure>
    <system-out>Given statement executed successfully
&amp;#27;[32m.&amp;#27;[0m&amp;#27;[32m.&amp;#27;[0m&amp;#27;[31mF&amp;#27;[0m</system-out>
    <system-err>SLF4J: Failed to load class &quot;org.slf4j.impl.StaticLoggerBinder&quot;.
SLF4J: Defaulting to no-operation (NOP) logger implementation
SLF4J: See http://www.slf4j.org/codes.html#StaticLoggerBinder for further details.
Starting ChromeDriver 85.0.4183.87 (cd6713ebf92fa1cacc0f1a598df280093af0c5d7-refs/branch-heads/4183@{#1689}) on port 34747
Only local connections are allowed.
Please see https://chromedriver.chromium.org/security-considerations for suggestions on keeping ChromeDriver safe.
ChromeDriver was started successfully.
Sep. 06, 2020 6:31:38 PM org.openqa.selenium.remote.ProtocolHandshake createSession
INFO: Detected dialect: W3C
</system-err>
  </testcase>
</testsuite>